Array
(
    [date_time] => 29.01.2019 06:27:52
    [post_data] => Array
        (
            [name] => qwe
            [phone] => +7(111) 111-11-12
            [agree] => 1
            [comment] => 
            [form] => vizov
            [form_title] => Оставьте заявку прямо сейчас
        )

    [curl_data] => name=qwe&phone=%2B7%28111%29+111-11-12
    [curl_result] => OK
    [curl_error] => 
)

Array
(
    [date_time] => 29.01.2019 06:28:04
    [post_data] => Array
        (
            [phone] => +7(111) 111-11-13
            [agree] => 1
            [form] => form2
            [form_title] => Звоните, улучшим условия покупки
        )

    [curl_data] => phone=%2B7%28111%29+111-11-13
    [curl_result] => OK
    [curl_error] => 
)

Array
(
    [date_time] => 29.01.2019 06:36:54
    [post_data] => Array
        (
            [name] => qwe
            [phone] => +7(111) 111-11-11
            [agree] => 1
            [comment] => 
            [form] => vizov
            [form_title] => Оставьте заявку прямо сейчас
        )

    [curl_data] => name=qwe&phone=%2B7%28111%29+111-11-11
    [curl_result] => OK
    [curl_error] => 
)

Array
(
    [date_time] => 29.01.2019 09:36:16
    [post_data] => Array
        (
        )

    [curl_data] => name=&phone=
    [curl_result] => OK
    [curl_error] => 
)

Array
(
    [date_time] => 31.01.2019 08:30:22
    [post_data] => Array
        (
        )

    [post_data_iconv] => 
    [curl_data] => form=&form_title=&name=&phone=
    [curl_result] => OK
    [curl_error] => 
)

Array
(
    [date_time] => 31.01.2019 16:09:27
    [post_data] => Array
        (
        )

    [post_data_iconv] => 
    [curl_data] => form=&form_title=&name=&phone=
    [curl_result] => OK
    [curl_error] => 
)

