Array
(
    [date_time] => 29.01.2019 06:32:17
    [post_data] => Array
        (
            [name] => qwe
            [phone] => +7(111) 111-11-14
            [agree] => 1
            [comment] => 
            [form] => vizov
            [form_title] => Оставьте заявку прямо сейчас
        )

    [curl_data] => name=qwe&phone=%2B7%28111%29+111-11-14
    [curl_result] => OK
    [curl_error] => 
)

Array
(
    [date_time] => 29.01.2019 06:32:26
    [post_data] => Array
        (
            [phone] => +7(111) 111-11-16
            [agree] => 1
            [form] => form2
            [form_title] => Звоните, улучшим условия покупки
        )

    [curl_data] => phone=%2B7%28111%29+111-11-16
    [curl_result] => OK
    [curl_error] => 
)

