Array
(
    [date_time] => 29.01.2019 06:37:39
    [post_data] => Array
        (
            [name] => qwe
            [phone] => +7(111) 111-11-12
            [agree] => 1
            [comment] => 
            [form] => vizov
            [form_title] => Оставьте заявку прямо сейчас
        )

    [curl_data] => name=qwe&phone=%2B7%28111%29+111-11-12
    [curl_result] => OK
    [curl_error] => 
)

Array
(
    [date_time] => 29.01.2019 09:03:03
    [post_data] => Array
        (
            [name] => qwe
            [phone] => +7(111) 111-11-11
            [agree] => 1
            [comment] => 
            [form] => vizov
            [form_title] => Оставьте заявку прямо сейчас
        )

    [curl_data] => name=qwe&phone=%2B7%28111%29+111-11-11
    [curl_result] => OK
    [curl_error] => 
)

Array
(
    [date_time] => 29.01.2019 10:44:29
    [post_data] => Array
        (
            [name] => qwe
            [phone] => +7(111) 111-11-11
            [agree] => 1
            [comment] => 
            [form] => vizov
            [form_title] => Оставьте заявку прямо сейчас
        )

    [curl_data] => form=vizov&form_title=%CE%F1%F2%E0%E2%FC%F2%E5+%E7%E0%FF%E2%EA%F3+%EF%F0%FF%EC%EE+%F1%E5%E9%F7%E0%F1&name=qwe&phone=%2B7%28111%29+111-11-11
    [curl_result] => OK
    [curl_error] => 
)

Array
(
    [date_time] => 29.01.2019 10:44:37
    [post_data] => Array
        (
            [name] => qwe
            [phone] => +7(111) 111-11-12
            [agree] => 1
            [comment] => 
            [form] => vizov
            [form_title] => Оставьте заявку прямо сейчас
        )

    [curl_data] => form=vizov&form_title=%CE%F1%F2%E0%E2%FC%F2%E5+%E7%E0%FF%E2%EA%F3+%EF%F0%FF%EC%EE+%F1%E5%E9%F7%E0%F1&name=qwe&phone=%2B7%28111%29+111-11-12
    [curl_result] => OK
    [curl_error] => 
)

Array
(
    [date_time] => 29.01.2019 10:44:49
    [post_data] => Array
        (
            [name] => qwe
            [phone] => +7(111) 111-11-13
            [agree] => 1
            [comment] => 
            [form] => 
            [form_title] => Оставьте заявку прямо сейчас
        )

    [curl_data] => form=&form_title=%CE%F1%F2%E0%E2%FC%F2%E5+%E7%E0%FF%E2%EA%F3+%EF%F0%FF%EC%EE+%F1%E5%E9%F7%E0%F1&name=qwe&phone=%2B7%28111%29+111-11-13
    [curl_result] => OK
    [curl_error] => 
)

Array
(
    [date_time] => 29.01.2019 10:45:02
    [post_data] => Array
        (
            [name] => qwe
            [phone] => +7(111) 111-11-14
            [agree] => 1
            [comment] => 
            [form] => 
            [form_title] => Оставьте заявку прямо сейчас
        )

    [curl_data] => form=&form_title=%CE%F1%F2%E0%E2%FC%F2%E5+%E7%E0%FF%E2%EA%F3+%EF%F0%FF%EC%EE+%F1%E5%E9%F7%E0%F1&name=qwe&phone=%2B7%28111%29+111-11-14
    [curl_result] => OK
    [curl_error] => 
)

Array
(
    [date_time] => 29.01.2019 10:45:11
    [post_data] => Array
        (
            [name] => qwe
            [phone] => +7(111) 111-11-15
            [agree] => 1
            [comment] => 
            [form] => 
            [form_title] => Оставьте заявку прямо сейчас
        )

    [curl_data] => form=&form_title=%CE%F1%F2%E0%E2%FC%F2%E5+%E7%E0%FF%E2%EA%F3+%EF%F0%FF%EC%EE+%F1%E5%E9%F7%E0%F1&name=qwe&phone=%2B7%28111%29+111-11-15
    [curl_result] => OK
    [curl_error] => 
)

Array
(
    [date_time] => 29.01.2019 10:45:20
    [post_data] => Array
        (
            [name] => qwe
            [phone] => +7(111) 111-11-16
            [agree] => 1
            [comment] => 
            [form] => 
            [form_title] => Оставьте заявку прямо сейчас
        )

    [curl_data] => form=&form_title=%CE%F1%F2%E0%E2%FC%F2%E5+%E7%E0%FF%E2%EA%F3+%EF%F0%FF%EC%EE+%F1%E5%E9%F7%E0%F1&name=qwe&phone=%2B7%28111%29+111-11-16
    [curl_result] => OK
    [curl_error] => 
)

Array
(
    [date_time] => 29.01.2019 10:45:48
    [post_data] => Array
        (
            [date] => 30 СЏРЅРІР°СЂСЏ
            [time] => 13:00
            [phone] => +7(111) 111-11-21
        )

    [curl_data] => form=callsinoby&date=30+%D1%8F%D0%BD%D0%B2%D0%B0%D1%80%D1%8F&time=13%3A00&phone=%2B7%28111%29+111-11-21
    [curl_result] => OK
    [curl_error] => 
)

Array
(
    [date_time] => 29.01.2019 10:50:26
    [post_data] => Array
        (
            [date] => 30 СЏРЅРІР°СЂСЏ
            [time] => 13:00
            [phone] => +7(111) 111-11-22
        )

    [curl_data] => form=callsinoby&date=30+%D1%8F%D0%BD%D0%B2%D0%B0%D1%80%D1%8F&time=13%3A00&phone=%2B7%28111%29+111-11-22
    [curl_result] => OK
    [curl_error] => 
)

Array
(
    [date_time] => 29.01.2019 10:54:51
    [post_data] => Array
        (
            [date] => 30 СЏРЅРІР°СЂСЏ
            [time] => 13:00
            [phone] => +7(111) 111-11-22
        )

    [curl_data] => form=callsinoby&date=30+%FF%ED%E2%E0%F0%FF&time=13%3A00&phone=%2B7%28111%29+111-11-22
    [curl_result] => OK
    [curl_error] => 
)

Array
(
    [date_time] => 29.01.2019 10:55:51
    [post_data] => Array
        (
            [date] => 30 СЏРЅРІР°СЂСЏ
            [time] => 13:00
            [phone] => +7(111) 111-11-22
        )

    [curl_data] => form=callsinoby&date=30+%D0%A1%D0%8F%D0%A0%D0%85%D0%A0%D0%86%D0%A0%C2%B0%D0%A1%D0%82%D0%A1%D0%8F&time=13%3A00&phone=%2B7%28111%29+111-11-22
    [curl_result] => OK
    [curl_error] => 
)

Array
(
    [date_time] => 29.01.2019 10:57:19
    [post_data] => Array
        (
            [date] => 30 РЎРЏР Р…Р Р†Р В°РЎР‚РЎРЏ
            [time] => 13:00
            [phone] => +7(111) 111-11-22
        )

    [curl_data] => form=callsinoby&date=30+%D0%A1%D0%8F%D0%A0%D0%85%D0%A0%D0%86%D0%A0%C2%B0%D0%A1%D0%82%D0%A1%D0%8F&time=13%3A00&phone=%2B7%28111%29+111-11-22
    [curl_result] => OK
    [curl_error] => 
)

Array
(
    [date_time] => 29.01.2019 10:57:54
    [post_data] => Array
        (
            [date] => 30 января
            [time] => 13:00
            [phone] => +7(111) 111-11-22
        )

    [curl_data] => form=callsinoby&date=30+%FF%ED%E2%E0%F0%FF&time=13%3A00&phone=%2B7%28111%29+111-11-22
    [curl_result] => OK
    [curl_error] => 
)

Array
(
    [date_time] => 29.01.2019 12:05:45
    [post_data] => Array
        (
            [date] => 30 января
            [time] => 11:30
            [phone] => +7(111) 111-11-11
        )

    [post_data_iconv] => Array
        (
            [date] => 30 СЏРЅРІР°СЂСЏ
            [time] => 11:30
            [phone] => +7(111) 111-11-11
        )

    [curl_data] => form=callsinoby&date=30+%D1%8F%D0%BD%D0%B2%D0%B0%D1%80%D1%8F&time=11%3A30&phone=%2B7%28111%29+111-11-11
    [curl_result] => OK
    [curl_error] => 
)

